対象 124 記事
--- [1/124] https://hinyan1016.hatenablog.com/entry/2026/02/17/101639
  付与0件スキップ（残スキップ 62）
--- [2/124] https://hinyan1016.hatenablog.com/entry/2025/10/04/092356
  付与0件スキップ（残スキップ 40）
--- [3/124] https://hinyan1016.hatenablog.com/entry/2025/11/14/155130
  付与0件スキップ（残スキップ 29）
--- [4/124] https://hinyan1016.hatenablog.com/entry/2025/10/19/224322
  付与0件スキップ（残スキップ 56）
--- [5/124] https://hinyan1016.hatenablog.com/entry/2026/02/12/010038
  付与0件スキップ（残スキップ 24）
--- [6/124] https://hinyan1016.hatenablog.com/entry/2026/02/12/102858
  PUT成功: HTTP 200
  付与 9件 / スキップ 9件 / updated
--- [7/124] https://hinyan1016.hatenablog.com/entry/2025/12/29/171922
  付与0件スキップ（残スキップ 18）
--- [8/124] https://hinyan1016.hatenablog.com/entry/2025/12/05/150020
  付与0件スキップ（残スキップ 15）
--- [9/124] https://hinyan1016.hatenablog.com/entry/2026/01/12/223601
  付与0件スキップ（残スキップ 14）
--- [10/124] https://hinyan1016.hatenablog.com/entry/2026/01/13/174156
  付与0件スキップ（残スキップ 16）
--- [11/124] https://hinyan1016.hatenablog.com/entry/2026/01/30/025738
  付与0件スキップ（残スキップ 15）
--- [12/124] https://hinyan1016.hatenablog.com/entry/2026/02/24/083752
  付与0件スキップ（残スキップ 18）
--- [13/124] https://hinyan1016.hatenablog.com/entry/2025/11/18/062815
  付与0件スキップ（残スキップ 17）
--- [14/124] https://hinyan1016.hatenablog.com/entry/2025/12/09/102429
  付与0件スキップ（残スキップ 14）
--- [15/124] https://hinyan1016.hatenablog.com/entry/2026/01/19/200740
  PUT成功: HTTP 200
  付与 14件 / スキップ 0件 / updated
--- [16/124] https://hinyan1016.hatenablog.com/entry/2026/01/28/111213
  付与0件スキップ（残スキップ 14）
--- [17/124] https://hinyan1016.hatenablog.com/entry/2025/08/23/192749
  付与0件スキップ（残スキップ 11）
--- [18/124] https://hinyan1016.hatenablog.com/entry/2025/09/11/103428
  付与0件スキップ（残スキップ 13）
--- [19/124] https://hinyan1016.hatenablog.com/entry/2025/10/12/123944
  付与0件スキップ（残スキップ 23）
--- [20/124] https://hinyan1016.hatenablog.com/entry/2026/01/17/093117
  付与0件スキップ（残スキップ 11）
--- [21/124] https://hinyan1016.hatenablog.com/entry/2026/01/30/030419
  付与0件スキップ（残スキップ 14）
--- [22/124] https://hinyan1016.hatenablog.com/entry/2026/02/10/115631
  付与0件スキップ（残スキップ 24）
--- [23/124] https://hinyan1016.hatenablog.com/entry/2025/09/04/122557
  付与0件スキップ（残スキップ 19）
--- [24/124] https://hinyan1016.hatenablog.com/entry/2025/10/01/090834
  PUT成功: HTTP 200
  付与 13件 / スキップ 10件 / updated
--- [25/124] https://hinyan1016.hatenablog.com/entry/2025/12/02/195649
  PUT成功: HTTP 200
  付与 3件 / スキップ 10件 / updated
--- [26/124] https://hinyan1016.hatenablog.com/entry/2026/01/13/234631
  PUT成功: HTTP 200
  付与 1件 / スキップ 9件 / updated
--- [27/124] https://hinyan1016.hatenablog.com/entry/2025/09/03/130906
  PUT成功: HTTP 200
  付与 7件 / スキップ 18件 / updated
--- [28/124] https://hinyan1016.hatenablog.com/entry/2025/11/02/122708
  PUT成功: HTTP 200
  付与 12件 / スキップ 3件 / updated
--- [29/124] https://hinyan1016.hatenablog.com/entry/2025/12/18/184208
  付与0件スキップ（残スキップ 9）
--- [30/124] https://hinyan1016.hatenablog.com/entry/2025/12/28/085237
  付与0件スキップ（残スキップ 9）
--- [31/124] https://hinyan1016.hatenablog.com/entry/2026/01/10/024125
  付与0件スキップ（残スキップ 18）
--- [32/124] https://hinyan1016.hatenablog.com/entry/2025/08/07/221658
  PUT成功: HTTP 200
  付与 9件 / スキップ 8件 / updated
--- [33/124] https://hinyan1016.hatenablog.com/entry/2025/08/23/150413
  付与0件スキップ（残スキップ 10）
--- [34/124] https://hinyan1016.hatenablog.com/entry/2025/08/17/082426
  付与0件スキップ（残スキップ 9）
--- [35/124] https://hinyan1016.hatenablog.com/entry/2025/08/23/163249
  付与0件スキップ（残スキップ 19）
--- [36/124] https://hinyan1016.hatenablog.com/entry/2025/10/21/104745
  付与0件スキップ（残スキップ 8）
--- [37/124] https://hinyan1016.hatenablog.com/entry/2025/10/24/061916
  付与0件スキップ（残スキップ 22）
--- [38/124] https://hinyan1016.hatenablog.com/entry/2025/11/05/115554
  付与0件スキップ（残スキップ 49）
--- [39/124] https://hinyan1016.hatenablog.com/entry/2025/12/03/061931
  付与0件スキップ（残スキップ 9）
--- [40/124] https://hinyan1016.hatenablog.com/entry/2025/12/21/213230
  付与0件スキップ（残スキップ 7）
--- [41/124] https://hinyan1016.hatenablog.com/entry/2026/01/29/083004
  付与0件スキップ（残スキップ 10）
--- [42/124] https://hinyan1016.hatenablog.com/entry/2025/09/01/073533
  PUT成功: HTTP 200
  付与 1件 / スキップ 21件 / updated
--- [43/124] https://hinyan1016.hatenablog.com/entry/2025/09/09/073455
  付与0件スキップ（残スキップ 7）
--- [44/124] https://hinyan1016.hatenablog.com/entry/2025/09/16/123019
  付与0件スキップ（残スキップ 8）
--- [45/124] https://hinyan1016.hatenablog.com/entry/2025/10/27/194453
  PUT成功: HTTP 200
  付与 9件 / スキップ 6件 / updated
--- [46/124] https://hinyan1016.hatenablog.com/entry/2025/11/08/070832
  PUT成功: HTTP 200
  付与 7件 / スキップ 0件 / updated
--- [47/124] https://hinyan1016.hatenablog.com/entry/2025/11/19/050125
  PUT成功: HTTP 200
  付与 4件 / スキップ 11件 / updated
--- [48/124] https://hinyan1016.hatenablog.com/entry/2025/11/30/082846
  付与0件スキップ（残スキップ 6）
--- [49/124] https://hinyan1016.hatenablog.com/entry/2025/12/03/144424
  PUT成功: HTTP 200
  付与 1件 / スキップ 6件 / updated
--- [50/124] https://hinyan1016.hatenablog.com/entry/2025/12/04/185834
  付与0件スキップ（残スキップ 6）
--- [51/124] https://hinyan1016.hatenablog.com/entry/2025/12/08/044637
  付与0件スキップ（残スキップ 9）
--- [52/124] https://hinyan1016.hatenablog.com/entry/2026/01/06/021814
  付与0件スキップ（残スキップ 6）
--- [53/124] https://hinyan1016.hatenablog.com/entry/2026/01/22/085959
  付与0件スキップ（残スキップ 11）
--- [54/124] https://hinyan1016.hatenablog.com/entry/2025/08/14/094039
  PUT成功: HTTP 200
  付与 11件 / スキップ 5件 / updated
--- [55/124] https://hinyan1016.hatenablog.com/entry/2025/08/14/122904
  付与0件スキップ（残スキップ 9）
--- [56/124] https://hinyan1016.hatenablog.com/entry/2025/08/14/183023
  PUT成功: HTTP 200
  付与 27件 / スキップ 5件 / updated
--- [57/124] https://hinyan1016.hatenablog.com/entry/2025/08/21/072820
  PUT成功: HTTP 200
  付与 15件 / スキップ 31件 / updated
--- [58/124] https://hinyan1016.hatenablog.com/entry/2025/10/30/095502
  付与0件スキップ（残スキップ 6）
--- [59/124] https://hinyan1016.hatenablog.com/entry/2025/12/21/223314
  付与0件スキップ（残スキップ 6）
--- [60/124] https://hinyan1016.hatenablog.com/entry/2025/12/23/125701
  付与0件スキップ（残スキップ 7）
--- [61/124] https://hinyan1016.hatenablog.com/entry/2025/12/30/060731
  付与0件スキップ（残スキップ 5）
--- [62/124] https://hinyan1016.hatenablog.com/entry/2026/01/02/180628
  PUT成功: HTTP 200
  付与 2件 / スキップ 5件 / updated
--- [63/124] https://hinyan1016.hatenablog.com/entry/2025/08/16/083402
  PUT成功: HTTP 200
  付与 3件 / スキップ 4件 / updated
--- [64/124] https://hinyan1016.hatenablog.com/entry/2025/09/06/052655
  PUT成功: HTTP 200
  付与 7件 / スキップ 5件 / updated
--- [65/124] https://hinyan1016.hatenablog.com/entry/2025/09/09/153332
  付与0件スキップ（残スキップ 4）
--- [66/124] https://hinyan1016.hatenablog.com/entry/2025/10/05/201316
  付与0件スキップ（残スキップ 8）
--- [67/124] https://hinyan1016.hatenablog.com/entry/2025/12/21/213447
  付与0件スキップ（残スキップ 4）
--- [68/124] https://hinyan1016.hatenablog.com/entry/2025/12/23/144018
  付与0件スキップ（残スキップ 4）
--- [69/124] https://hinyan1016.hatenablog.com/entry/2025/12/25/130439
  付与0件スキップ（残スキップ 5）
--- [70/124] https://hinyan1016.hatenablog.com/entry/2025/08/17/063231
  PUT成功: HTTP 200
  付与 7件 / スキップ 3件 / updated
--- [71/124] https://hinyan1016.hatenablog.com/entry/2025/09/01/195249
  付与0件スキップ（残スキップ 3）
--- [72/124] https://hinyan1016.hatenablog.com/entry/2025/09/03/092938
  付与0件スキップ（残スキップ 6）
--- [73/124] https://hinyan1016.hatenablog.com/entry/2025/09/07/062616
  付与0件スキップ（残スキップ 3）
--- [74/124] https://hinyan1016.hatenablog.com/entry/2025/10/01/114329
  PUT成功: HTTP 200
  付与 1件 / スキップ 3件 / updated
--- [75/124] https://hinyan1016.hatenablog.com/entry/2025/10/19/050931
  付与0件スキップ（残スキップ 72）
--- [76/124] https://hinyan1016.hatenablog.com/entry/2025/11/20/085409
  付与0件スキップ（残スキップ 3）
--- [77/124] https://hinyan1016.hatenablog.com/entry/2025/12/12/234343
  付与0件スキップ（残スキップ 18）
--- [78/124] https://hinyan1016.hatenablog.com/entry/2025/12/24/134243
  付与0件スキップ（残スキップ 4）
--- [79/124] https://hinyan1016.hatenablog.com/entry/2025/12/28/074225
  PUT成功: HTTP 200
  付与 11件 / スキップ 3件 / updated
--- [80/124] https://hinyan1016.hatenablog.com/entry/2026/03/27/201504
  付与0件スキップ（残スキップ 2）
--- [81/124] https://hinyan1016.hatenablog.com/entry/2026/03/30/185536
  付与0件スキップ（残スキップ 3）
--- [82/124] https://hinyan1016.hatenablog.com/entry/2025/08/10/052804
  PUT成功: HTTP 200
  付与 2件 / スキップ 2件 / updated
--- [83/124] https://hinyan1016.hatenablog.com/entry/2025/08/18/071851
  PUT成功: HTTP 200
  付与 3件 / スキップ 3件 / updated
--- [84/124] https://hinyan1016.hatenablog.com/entry/2025/08/26/035806
  PUT成功: HTTP 200
  付与 9件 / スキップ 2件 / updated
--- [85/124] https://hinyan1016.hatenablog.com/entry/2025/08/28/190822
  PUT成功: HTTP 200
  付与 7件 / スキップ 5件 / updated
--- [86/124] https://hinyan1016.hatenablog.com/entry/2025/09/06/033840
  付与0件スキップ（残スキップ 2）
--- [87/124] https://hinyan1016.hatenablog.com/entry/2025/09/06/050505
  PUT成功: HTTP 200
  付与 2件 / スキップ 4件 / updated
--- [88/124] https://hinyan1016.hatenablog.com/entry/2025/09/08/073648
  付与0件スキップ（残スキップ 3）
--- [89/124] https://hinyan1016.hatenablog.com/entry/2025/09/09/023740
  PUT成功: HTTP 200
  付与 4件 / スキップ 2件 / updated
--- [90/124] https://hinyan1016.hatenablog.com/entry/2025/09/28/065959
  付与0件スキップ（残スキップ 4）
--- [91/124] https://hinyan1016.hatenablog.com/entry/2025/10/02/115704
  PUT成功: HTTP 200
  付与 11件 / スキップ 10件 / updated
--- [92/124] https://hinyan1016.hatenablog.com/entry/2025/11/11/114414
  付与0件スキップ（残スキップ 2）
--- [93/124] https://hinyan1016.hatenablog.com/entry/2025/12/07/105923
  付与0件スキップ（残スキップ 5）
--- [94/124] https://hinyan1016.hatenablog.com/entry/2025/12/08/153032
  付与0件スキップ（残スキップ 13）
--- [95/124] https://hinyan1016.hatenablog.com/entry/2025/12/11/040651
  PUT成功: HTTP 200
  付与 1件 / スキップ 2件 / updated
--- [96/124] https://hinyan1016.hatenablog.com/entry/2025/12/12/170644
  付与0件スキップ（残スキップ 6）
--- [97/124] https://hinyan1016.hatenablog.com/entry/2025/12/15/171246
  PUT成功: HTTP 200
  付与 11件 / スキップ 5件 / updated
--- [98/124] https://hinyan1016.hatenablog.com/entry/2025/12/16/152629
  付与0件スキップ（残スキップ 3）
--- [99/124] https://hinyan1016.hatenablog.com/entry/2025/12/20/182855
  PUT成功: HTTP 200
  付与 5件 / スキップ 2件 / updated
--- [100/124] https://hinyan1016.hatenablog.com/entry/2025/12/22/082941
  付与0件スキップ（残スキップ 3）
--- [101/124] https://hinyan1016.hatenablog.com/entry/2026/01/02/182831
  付与0件スキップ（残スキップ 2）
--- [102/124] https://hinyan1016.hatenablog.com/entry/2026/01/21/111058
  付与0件スキップ（残スキップ 2）
--- [103/124] https://hinyan1016.hatenablog.com/entry/2026/03/05/183646
  付与0件スキップ（残スキップ 2）
--- [104/124] https://hinyan1016.hatenablog.com/entry/2026/03/19/210503
  付与0件スキップ（残スキップ 2）
--- [105/124] https://hinyan1016.hatenablog.com/entry/2026/04/14/200622
  付与0件スキップ（残スキップ 2）
--- [106/124] https://hinyan1016.hatenablog.com/entry/2025/08/19/213808
  PUT成功: HTTP 200
  付与 14件 / スキップ 6件 / updated
--- [107/124] https://hinyan1016.hatenablog.com/entry/2025/09/02/033903
  PUT成功: HTTP 200
  付与 5件 / スキップ 4件 / updated
--- [108/124] https://hinyan1016.hatenablog.com/entry/2025/09/02/190716
  付与0件スキップ（残スキップ 2）
--- [109/124] https://hinyan1016.hatenablog.com/entry/2025/09/15/072322
  PUT成功: HTTP 200
  付与 26件 / スキップ 11件 / updated
--- [110/124] https://hinyan1016.hatenablog.com/entry/2025/10/08/083506
  付与0件スキップ（残スキップ 1）
--- [111/124] https://hinyan1016.hatenablog.com/entry/2025/10/09/101848
  PUT成功: HTTP 200
  付与 7件 / スキップ 1件 / updated
--- [112/124] https://hinyan1016.hatenablog.com/entry/2025/10/16/110924
  付与0件スキップ（残スキップ 3）
--- [113/124] https://hinyan1016.hatenablog.com/entry/2025/10/22/102910
  PUT成功: HTTP 200
  付与 8件 / スキップ 3件 / updated
--- [114/124] https://hinyan1016.hatenablog.com/entry/2025/12/03/122220
  付与0件スキップ（残スキップ 2）
--- [115/124] https://hinyan1016.hatenablog.com/entry/2025/12/05/144847
  付与0件スキップ（残スキップ 1）
--- [116/124] https://hinyan1016.hatenablog.com/entry/2025/12/05/192933
  付与0件スキップ（残スキップ 1）
--- [117/124] https://hinyan1016.hatenablog.com/entry/2025/12/11/090517
  付与0件スキップ（残スキップ 4）
--- [118/124] https://hinyan1016.hatenablog.com/entry/2025/12/22/142408
  付与0件スキップ（残スキップ 6）
--- [119/124] https://hinyan1016.hatenablog.com/entry/2026/01/02/222516
  PUT成功: HTTP 200
  付与 3件 / スキップ 45件 / updated
--- [120/124] https://hinyan1016.hatenablog.com/entry/2026/01/27/012156
  付与0件スキップ（残スキップ 1）
--- [121/124] https://hinyan1016.hatenablog.com/entry/2026/03/03/043040
  付与0件スキップ（残スキップ 1）
--- [122/124] https://hinyan1016.hatenablog.com/entry/2026/03/07/042637
  付与0件スキップ（残スキップ 1）
--- [123/124] https://hinyan1016.hatenablog.com/entry/2026/04/03/214301
  付与0件スキップ（残スキップ 1）
--- [124/124] https://hinyan1016.hatenablog.com/entry/2026/04/04/073246
  付与0件スキップ（残スキップ 1）
