対象 122 記事、[live update]
--- [1/122] https://hinyan1016.hatenablog.com/entry/2025/08/07/221658
  PUT成功: HTTP 200
  付与 2件 / スキップ 6件 / updated
--- [2/122] https://hinyan1016.hatenablog.com/entry/2025/08/10/052804
  リンク0 / スキップ 2
--- [3/122] https://hinyan1016.hatenablog.com/entry/2025/08/14/094039
  PUT成功: HTTP 200
  付与 2件 / スキップ 3件 / updated
--- [4/122] https://hinyan1016.hatenablog.com/entry/2025/08/14/122904
  リンク0 / スキップ 9
--- [5/122] https://hinyan1016.hatenablog.com/entry/2025/08/14/183023
  リンク0 / スキップ 5
--- [6/122] https://hinyan1016.hatenablog.com/entry/2025/08/16/083402
  リンク0 / スキップ 4
--- [7/122] https://hinyan1016.hatenablog.com/entry/2025/08/17/063231
  リンク0 / スキップ 3
--- [8/122] https://hinyan1016.hatenablog.com/entry/2025/08/17/082426
  リンク0 / スキップ 9
--- [9/122] https://hinyan1016.hatenablog.com/entry/2025/08/18/071851
  PUT成功: HTTP 200
  付与 1件 / スキップ 2件 / updated
--- [10/122] https://hinyan1016.hatenablog.com/entry/2025/08/19/213808
  リンク0 / スキップ 6
--- [11/122] https://hinyan1016.hatenablog.com/entry/2025/08/21/072820
  リンク0 / スキップ 31
--- [12/122] https://hinyan1016.hatenablog.com/entry/2025/08/23/150413
  リンク0 / スキップ 10
--- [13/122] https://hinyan1016.hatenablog.com/entry/2025/08/23/163249
  リンク0 / スキップ 19
--- [14/122] https://hinyan1016.hatenablog.com/entry/2025/08/23/192749
  リンク0 / スキップ 11
--- [15/122] https://hinyan1016.hatenablog.com/entry/2025/08/26/035806
  PUT成功: HTTP 200
  付与 1件 / スキップ 1件 / updated
--- [16/122] https://hinyan1016.hatenablog.com/entry/2025/08/28/190822
  リンク0 / スキップ 5
--- [17/122] https://hinyan1016.hatenablog.com/entry/2025/09/01/073533
  リンク0 / スキップ 21
--- [18/122] https://hinyan1016.hatenablog.com/entry/2025/09/01/195249
  PUT成功: HTTP 200
  付与 1件 / スキップ 2件 / updated
--- [19/122] https://hinyan1016.hatenablog.com/entry/2025/09/02/033903
  リンク0 / スキップ 4
--- [20/122] https://hinyan1016.hatenablog.com/entry/2025/09/02/190716
  リンク0 / スキップ 2
--- [21/122] https://hinyan1016.hatenablog.com/entry/2025/09/03/092938
  リンク0 / スキップ 6
--- [22/122] https://hinyan1016.hatenablog.com/entry/2025/09/03/130906
  リンク0 / スキップ 18
--- [23/122] https://hinyan1016.hatenablog.com/entry/2025/09/04/122557
  リンク0 / スキップ 19
--- [24/122] https://hinyan1016.hatenablog.com/entry/2025/09/06/033840
  リンク0 / スキップ 2
--- [25/122] https://hinyan1016.hatenablog.com/entry/2025/09/06/050505
  リンク0 / スキップ 4
--- [26/122] https://hinyan1016.hatenablog.com/entry/2025/09/06/052655
  リンク0 / スキップ 5
--- [27/122] https://hinyan1016.hatenablog.com/entry/2025/09/07/062616
  リンク0 / スキップ 3
--- [28/122] https://hinyan1016.hatenablog.com/entry/2025/09/08/073648
  リンク0 / スキップ 3
--- [29/122] https://hinyan1016.hatenablog.com/entry/2025/09/09/023740
  リンク0 / スキップ 2
--- [30/122] https://hinyan1016.hatenablog.com/entry/2025/09/09/073455
  リンク0 / スキップ 7
--- [31/122] https://hinyan1016.hatenablog.com/entry/2025/09/09/153332
  リンク0 / スキップ 4
--- [32/122] https://hinyan1016.hatenablog.com/entry/2025/09/11/103428
  リンク0 / スキップ 13
--- [33/122] https://hinyan1016.hatenablog.com/entry/2025/09/15/072322
  リンク0 / スキップ 11
--- [34/122] https://hinyan1016.hatenablog.com/entry/2025/09/16/123019
  リンク0 / スキップ 8
--- [35/122] https://hinyan1016.hatenablog.com/entry/2025/09/28/065959
  リンク0 / スキップ 4
--- [36/122] https://hinyan1016.hatenablog.com/entry/2025/10/01/090834
  リンク0 / スキップ 10
--- [37/122] https://hinyan1016.hatenablog.com/entry/2025/10/01/114329
  リンク0 / スキップ 3
--- [38/122] https://hinyan1016.hatenablog.com/entry/2025/10/02/115704
  リンク0 / スキップ 10
--- [39/122] https://hinyan1016.hatenablog.com/entry/2025/10/04/092356
  リンク0 / スキップ 40
--- [40/122] https://hinyan1016.hatenablog.com/entry/2025/10/05/201316
  リンク0 / スキップ 8
--- [41/122] https://hinyan1016.hatenablog.com/entry/2025/10/08/083506
  リンク0 / スキップ 1
--- [42/122] https://hinyan1016.hatenablog.com/entry/2025/10/09/101848
  リンク0 / スキップ 1
--- [43/122] https://hinyan1016.hatenablog.com/entry/2025/10/12/123944
  リンク0 / スキップ 23
--- [44/122] https://hinyan1016.hatenablog.com/entry/2025/10/16/110924
  リンク0 / スキップ 3
--- [45/122] https://hinyan1016.hatenablog.com/entry/2025/10/19/050931
  リンク0 / スキップ 72
--- [46/122] https://hinyan1016.hatenablog.com/entry/2025/10/19/224322
  リンク0 / スキップ 56
--- [47/122] https://hinyan1016.hatenablog.com/entry/2025/10/21/104745
  リンク0 / スキップ 8
--- [48/122] https://hinyan1016.hatenablog.com/entry/2025/10/22/102910
  リンク0 / スキップ 3
--- [49/122] https://hinyan1016.hatenablog.com/entry/2025/10/24/061916
  リンク0 / スキップ 22
--- [50/122] https://hinyan1016.hatenablog.com/entry/2025/10/27/194453
  リンク0 / スキップ 6
--- [51/122] https://hinyan1016.hatenablog.com/entry/2025/10/30/095502
  リンク0 / スキップ 6
--- [52/122] https://hinyan1016.hatenablog.com/entry/2025/11/02/122708
  PUT成功: HTTP 200
  付与 2件 / スキップ 1件 / updated
--- [53/122] https://hinyan1016.hatenablog.com/entry/2025/11/05/115554
  リンク0 / スキップ 49
--- [54/122] https://hinyan1016.hatenablog.com/entry/2025/11/11/114414
  リンク0 / スキップ 2
--- [55/122] https://hinyan1016.hatenablog.com/entry/2025/11/14/155130
  PUT成功: HTTP 200
  付与 15件 / スキップ 14件 / updated
--- [56/122] https://hinyan1016.hatenablog.com/entry/2025/11/18/062815
  リンク0 / スキップ 17
--- [57/122] https://hinyan1016.hatenablog.com/entry/2025/11/19/050125
  PUT成功: HTTP 200
  付与 2件 / スキップ 9件 / updated
--- [58/122] https://hinyan1016.hatenablog.com/entry/2025/11/20/085409
  リンク0 / スキップ 3
--- [59/122] https://hinyan1016.hatenablog.com/entry/2025/11/30/082846
  リンク0 / スキップ 6
--- [60/122] https://hinyan1016.hatenablog.com/entry/2025/12/02/195649
  PUT成功: HTTP 200
  付与 8件 / スキップ 2件 / updated
--- [61/122] https://hinyan1016.hatenablog.com/entry/2025/12/03/061931
  PUT成功: HTTP 200
  付与 1件 / スキップ 8件 / updated
--- [62/122] https://hinyan1016.hatenablog.com/entry/2025/12/03/122220
  リンク0 / スキップ 2
--- [63/122] https://hinyan1016.hatenablog.com/entry/2025/12/03/144424
  PUT成功: HTTP 200
  付与 4件 / スキップ 2件 / updated
--- [64/122] https://hinyan1016.hatenablog.com/entry/2025/12/04/185834
  リンク0 / スキップ 6
--- [65/122] https://hinyan1016.hatenablog.com/entry/2025/12/05/144847
  リンク0 / スキップ 1
--- [66/122] https://hinyan1016.hatenablog.com/entry/2025/12/05/150020
  リンク0 / スキップ 15
--- [67/122] https://hinyan1016.hatenablog.com/entry/2025/12/05/192933
  リンク0 / スキップ 1
--- [68/122] https://hinyan1016.hatenablog.com/entry/2025/12/07/105923
  リンク0 / スキップ 5
--- [69/122] https://hinyan1016.hatenablog.com/entry/2025/12/08/044637
  リンク0 / スキップ 9
--- [70/122] https://hinyan1016.hatenablog.com/entry/2025/12/08/153032
  リンク0 / スキップ 13
--- [71/122] https://hinyan1016.hatenablog.com/entry/2025/12/09/102429
  PUT成功: HTTP 200
  付与 7件 / スキップ 7件 / updated
--- [72/122] https://hinyan1016.hatenablog.com/entry/2025/12/11/040651
  リンク0 / スキップ 2
--- [73/122] https://hinyan1016.hatenablog.com/entry/2025/12/11/090517
  リンク0 / スキップ 4
--- [74/122] https://hinyan1016.hatenablog.com/entry/2025/12/12/170644
  リンク0 / スキップ 6
--- [75/122] https://hinyan1016.hatenablog.com/entry/2025/12/12/234343
  リンク0 / スキップ 18
--- [76/122] https://hinyan1016.hatenablog.com/entry/2025/12/15/171246
  リンク0 / スキップ 5
--- [77/122] https://hinyan1016.hatenablog.com/entry/2025/12/16/152629
  リンク0 / スキップ 3
--- [78/122] https://hinyan1016.hatenablog.com/entry/2025/12/18/184208
  リンク0 / スキップ 9
--- [79/122] https://hinyan1016.hatenablog.com/entry/2025/12/20/182855
  リンク0 / スキップ 2
--- [80/122] https://hinyan1016.hatenablog.com/entry/2025/12/21/213230
  PUT成功: HTTP 200
  付与 2件 / スキップ 5件 / updated
--- [81/122] https://hinyan1016.hatenablog.com/entry/2025/12/21/213447
  リンク0 / スキップ 4
--- [82/122] https://hinyan1016.hatenablog.com/entry/2025/12/21/223314
  リンク0 / スキップ 6
--- [83/122] https://hinyan1016.hatenablog.com/entry/2025/12/22/082941
  リンク0 / スキップ 3
--- [84/122] https://hinyan1016.hatenablog.com/entry/2025/12/22/142408
  リンク0 / スキップ 6
--- [85/122] https://hinyan1016.hatenablog.com/entry/2025/12/23/125701
  リンク0 / スキップ 7
--- [86/122] https://hinyan1016.hatenablog.com/entry/2025/12/23/144018
  リンク0 / スキップ 4
--- [87/122] https://hinyan1016.hatenablog.com/entry/2025/12/24/134243
  リンク0 / スキップ 4
--- [88/122] https://hinyan1016.hatenablog.com/entry/2025/12/25/130439
  リンク0 / スキップ 5
--- [89/122] https://hinyan1016.hatenablog.com/entry/2025/12/28/074225
  リンク0 / スキップ 3
--- [90/122] https://hinyan1016.hatenablog.com/entry/2025/12/28/085237
  リンク0 / スキップ 9
--- [91/122] https://hinyan1016.hatenablog.com/entry/2025/12/29/171922
  リンク0 / スキップ 18
--- [92/122] https://hinyan1016.hatenablog.com/entry/2025/12/30/060731
  リンク0 / スキップ 5
--- [93/122] https://hinyan1016.hatenablog.com/entry/2026/01/02/180628
  PUT成功: HTTP 200
  付与 3件 / スキップ 2件 / updated
--- [94/122] https://hinyan1016.hatenablog.com/entry/2026/01/02/182831
  リンク0 / スキップ 2
--- [95/122] https://hinyan1016.hatenablog.com/entry/2026/01/02/222516
  リンク0 / スキップ 45
--- [96/122] https://hinyan1016.hatenablog.com/entry/2026/01/06/021814
  PUT成功: HTTP 200
  付与 1件 / スキップ 5件 / updated
--- [97/122] https://hinyan1016.hatenablog.com/entry/2026/01/10/024125
  PUT成功: HTTP 200
  付与 2件 / スキップ 16件 / updated
--- [98/122] https://hinyan1016.hatenablog.com/entry/2026/01/12/223601
  PUT成功: HTTP 200
  付与 8件 / スキップ 6件 / updated
--- [99/122] https://hinyan1016.hatenablog.com/entry/2026/01/13/174156
  PUT成功: HTTP 200
  付与 1件 / スキップ 15件 / updated
--- [100/122] https://hinyan1016.hatenablog.com/entry/2026/01/13/234631
  PUT成功: HTTP 200
  付与 1件 / スキップ 8件 / updated
--- [101/122] https://hinyan1016.hatenablog.com/entry/2026/01/17/093117
  PUT成功: HTTP 200
  付与 7件 / スキップ 4件 / updated
--- [102/122] https://hinyan1016.hatenablog.com/entry/2026/01/21/111058
  リンク0 / スキップ 2
--- [103/122] https://hinyan1016.hatenablog.com/entry/2026/01/22/085959
  リンク0 / スキップ 11
--- [104/122] https://hinyan1016.hatenablog.com/entry/2026/01/27/012156
  リンク0 / スキップ 1
--- [105/122] https://hinyan1016.hatenablog.com/entry/2026/01/28/111213
  リンク0 / スキップ 14
--- [106/122] https://hinyan1016.hatenablog.com/entry/2026/01/29/083004
  リンク0 / スキップ 10
--- [107/122] https://hinyan1016.hatenablog.com/entry/2026/01/30/025738
  PUT成功: HTTP 200
  付与 2件 / スキップ 13件 / updated
--- [108/122] https://hinyan1016.hatenablog.com/entry/2026/01/30/030419
  リンク0 / スキップ 14
--- [109/122] https://hinyan1016.hatenablog.com/entry/2026/02/10/115631
  PUT成功: HTTP 200
  付与 1件 / スキップ 23件 / updated
--- [110/122] https://hinyan1016.hatenablog.com/entry/2026/02/12/010038
  リンク0 / スキップ 24
--- [111/122] https://hinyan1016.hatenablog.com/entry/2026/02/12/102858
  PUT成功: HTTP 200
  付与 6件 / スキップ 3件 / updated
--- [112/122] https://hinyan1016.hatenablog.com/entry/2026/02/17/101639
  PUT成功: HTTP 200
  付与 39件 / スキップ 23件 / updated
--- [113/122] https://hinyan1016.hatenablog.com/entry/2026/02/24/083752
  PUT成功: HTTP 200
  付与 2件 / スキップ 16件 / updated
--- [114/122] https://hinyan1016.hatenablog.com/entry/2026/03/03/043040
  リンク0 / スキップ 1
--- [115/122] https://hinyan1016.hatenablog.com/entry/2026/03/05/183646
  リンク0 / スキップ 2
--- [116/122] https://hinyan1016.hatenablog.com/entry/2026/03/07/042637
  リンク0 / スキップ 1
--- [117/122] https://hinyan1016.hatenablog.com/entry/2026/03/19/210503
  リンク0 / スキップ 2
--- [118/122] https://hinyan1016.hatenablog.com/entry/2026/03/27/201504
  リンク0 / スキップ 2
--- [119/122] https://hinyan1016.hatenablog.com/entry/2026/03/30/185536
  PUT成功: HTTP 200
  付与 1件 / スキップ 2件 / updated
--- [120/122] https://hinyan1016.hatenablog.com/entry/2026/04/03/214301
  リンク0 / スキップ 1
--- [121/122] https://hinyan1016.hatenablog.com/entry/2026/04/04/073246
  リンク0 / スキップ 1
--- [122/122] https://hinyan1016.hatenablog.com/entry/2026/04/14/200622
  リンク0 / スキップ 2
